<?xml version="1.0" encoding="UTF-8"?>
<testsuite name="ru.hofftech.DefaultPackagePlaceEngineTest" tests="2" skipped="0" failures="0" errors="0" timestamp="2024-12-16T13:11:34" hostname="710DIT-NB161" time="0.053">
  <properties/>
  <testcase name="when_does_not_have_packages_should_return_empty_truck_list()" classname="ru.hofftech.DefaultPackagePlaceEngineTest" time="0.047"/>
  <testcase name="when_has_packages_should_return_filled_truck()" classname="ru.hofftech.DefaultPackagePlaceEngineTest" time="0.005"/>
  <system-out><![CDATA[]]></system-out>
  <system-err><![CDATA[]]></system-err>
</testsuite>
